= Host-specific information ====================================================
$> hostname; uname -msr
e1z4r15p7.42.us.org
Darwin 17.5.0 x86_64
$> date
Mon Jan  7 17:08:46 PST 2019
$> gcc --version
Configured with: --prefix=/Library/Developer/CommandLineTools/usr --with-gxx-include-dir=/usr/include/c++/4.2.1
Apple LLVM version 9.1.0 (clang-902.0.39.1)
Target: x86_64-apple-darwin17.5.0
Thread model: posix
InstalledDir: /Library/Developer/CommandLineTools/usr/bin
$> clang --version
Apple LLVM version 9.1.0 (clang-902.0.39.1)
Target: x86_64-apple-darwin17.5.0
Thread model: posix
InstalledDir: /Library/Developer/CommandLineTools/usr/bin

= User files collection ========================================================
Collecting user files from Vogsphere
Repository URL: auto-exam/2019/c-exam-alone-in-the-dark-beginner/practice-exam_20190108/ititkov

= Git history ==================================================================
$> git -C /var/folders/zh/04y97dbs1ng1h7fxrv7cmdzc0000gp/T/tmpRJ5p9L/user log --pretty='%H - %an, %ad : %s'
f151da56505db8befc310b4dec4d303cfa010e52 - ititkov, Mon Jan 7 17:08:32 2019 -0800 : ft_swap
cfa53aa47af00da5006b9e3ccfccab6f5ca2f2bb - ititkov, Mon Jan 7 16:55:28 2019 -0800 : aff_z
 
= Collected files ==========================================
$> ls -lAR /var/folders/zh/04y97dbs1ng1h7fxrv7cmdzc0000gp/T/tmpRJ5p9L/user
total 8
-rw-r--r--  1 deepthought  deepthought  432 Jan  7 17:08 __GIT_HISTORY
drwxr-xr-x  3 deepthought  deepthought  102 Jan  7 17:08 aff_z
drwxr-xr-x  3 deepthought  deepthought  102 Jan  7 17:08 ft_swap

/var/folders/zh/04y97dbs1ng1h7fxrv7cmdzc0000gp/T/tmpRJ5p9L/user/aff_z:
total 8
-rw-r--r--  1 deepthought  deepthought  1074 Jan  7 17:08 aff_z.c

/var/folders/zh/04y97dbs1ng1h7fxrv7cmdzc0000gp/T/tmpRJ5p9L/user/ft_swap:
total 8
-rw-r--r--  1 deepthought  deepthought  973 Jan  7 17:08 ft_swap.c
 
= ft_swap ======================================================================
$> gcc -Wextra -Wall -Werror ft_swap.c main.c -o user_exe 

= Test 1 ===================================================
$> ./zf8ktnlcqzdxx2xr80hnbn9w "1651836234" "1372669628"
$> diff -U 3 user_output_test1 test1.output | cat -e

Diff OK :D
= Test 2 ===================================================
$> ./ba7muj2r5689h425cjr0gt5l "1331251016" "-1792584844"
$> diff -U 3 user_output_test2 test2.output | cat -e

Diff OK :D
= Test 3 ===================================================
$> ./q3q6f6sqdckjhrrcmgx7was9 "-292433836" "-1414330438"
$> diff -U 3 user_output_test3 test3.output | cat -e

Diff OK :D
= Test 4 ===================================================
$> ./rrn3ke7azq7odgv66gvhehi2 "813719694" "1248190485"
$> diff -U 3 user_output_test4 test4.output | cat -e

Diff OK :D
= Test 5 ===================================================
$> ./gahiqj6k5don737lxt5ol4cz "1317861164" "-610611171"
$> diff -U 3 user_output_test5 test5.output | cat -e

Diff OK :D
= Test 6 ===================================================
$> ./5hzad3iivct3hvmaq9oe7r85 "2012382006" "1492986410"
$> diff -U 3 user_output_test6 test6.output | cat -e

Diff OK :D
= Test 7 ===================================================
$> ./o7gi4w9nw85unu9kdkxib66f "-1812590986" "1227448327"
$> diff -U 3 user_output_test7 test7.output | cat -e

Diff OK :D
= Test 8 ===================================================
$> ./8x7vw3qdpkjpyuu3qiyk73lj "-642875801" "1744152892"
$> diff -U 3 user_output_test8 test8.output | cat -e

Diff OK :D
= Test 9 ===================================================
$> ./unpfue63cyfmnn2z2z9vwhqc "478727517" "-1923613649"
$> diff -U 3 user_output_test9 test9.output | cat -e

Diff OK :D
Grade: 1

= Final grade: 1 ===============================================================
