= Host-specific information ====================================================
$> hostname; uname -msr
e1z1r7p17.42.us.org
Darwin 17.4.0 x86_64
$> date
Mon Jan  7 16:55:50 PST 2019
$> gcc --version
Configured with: --prefix=/Library/Developer/CommandLineTools/usr --with-gxx-include-dir=/usr/include/c++/4.2.1
Apple LLVM version 9.0.0 (clang-900.0.39.2)
Target: x86_64-apple-darwin17.4.0
Thread model: posix
InstalledDir: /Library/Developer/CommandLineTools/usr/bin
$> clang --version
Apple LLVM version 9.0.0 (clang-900.0.39.2)
Target: x86_64-apple-darwin17.4.0
Thread model: posix
InstalledDir: /Library/Developer/CommandLineTools/usr/bin

= User files collection ========================================================
Collecting user files from Vogsphere
Repository URL: auto-exam/2019/c-exam-alone-in-the-dark-beginner/practice-exam_20190108/ititkov

= Git history ==================================================================
$> git -C /var/folders/s4/ky7s8tkd4ydct3xv0m9s10tm0000gp/T/tmpWIcz05/user log --pretty='%H - %an, %ad : %s'
cfa53aa47af00da5006b9e3ccfccab6f5ca2f2bb - ititkov, Mon Jan 7 16:55:28 2019 -0800 : aff_z
 
= Collected files ==========================================
$> ls -lAR /var/folders/s4/ky7s8tkd4ydct3xv0m9s10tm0000gp/T/tmpWIcz05/user
total 8
-rw-r--r--  1 deepthought  deepthought  216 Jan  7 16:55 __GIT_HISTORY
drwxr-xr-x  3 deepthought  deepthought  102 Jan  7 16:55 aff_z

/var/folders/s4/ky7s8tkd4ydct3xv0m9s10tm0000gp/T/tmpWIcz05/user/aff_z:
total 8
-rw-r--r--  1 deepthought  deepthought  1074 Jan  7 16:55 aff_z.c
 
= aff_z ========================================================================
$> gcc -Wextra -Wall -Werror aff_z.c -o user_exe 

= Test 1 ===================================================
$> ./bgq5gzdeshfxuv4lrpka0d0h 
$> diff -U 3 user_output_test1 test1.output | cat -e

Diff OK :D
= Test 2 ===================================================
$> ./844985qast5u5gi6960a6xbw "62gqi8LyS3h" "6nEgCktNaw08B93" "lMrULv7m98wST" "0jfESBP27yFdzkTmR" "XkpS8w" "ekuTDE8SF" "oelxd" "ztKkYd3X6aVy" "pBn" "FrRyHYB3TI5sxa" "YNblwaF" "Mbtm7p" "8neCcg"
$> diff -U 3 user_output_test2 test2.output | cat -e

Diff OK :D
= Test 3 ===================================================
$> ./v4kpy90j0ekrehodt7g6e785 "vufzaiNeUGo"
$> diff -U 3 user_output_test3 test3.output | cat -e

Diff OK :D
= Test 4 ===================================================
$> ./jmgh5bfgamypnk7odab4zbw2 "e3ZJWmw4QjzSX"
$> diff -U 3 user_output_test4 test4.output | cat -e

Diff OK :D
= Test 5 ===================================================
$> ./lvpix5c27toox6hprh42zp5o "WNGyJkhfAs7"
$> diff -U 3 user_output_test5 test5.output | cat -e

Diff OK :D
= Test 6 ===================================================
$> ./dg9tydmdnq6pjftq9e9sf2th "v4Ogj1fi58AqmlB"
$> diff -U 3 user_output_test6 test6.output | cat -e

Diff OK :D
Grade: 1

= Final grade: 1 ===============================================================
