= Host-specific information ====================================================
$> hostname; uname -msr
e1z3r1p21.42.us.org
Darwin 17.5.0 x86_64
$> date
Thu Jan 17 14:44:11 PST 2019
$> gcc --version
Configured with: --prefix=/Library/Developer/CommandLineTools/usr --with-gxx-include-dir=/usr/include/c++/4.2.1
Apple LLVM version 9.1.0 (clang-902.0.39.1)
Target: x86_64-apple-darwin17.5.0
Thread model: posix
InstalledDir: /Library/Developer/CommandLineTools/usr/bin
$> clang --version
Apple LLVM version 9.1.0 (clang-902.0.39.1)
Target: x86_64-apple-darwin17.5.0
Thread model: posix
InstalledDir: /Library/Developer/CommandLineTools/usr/bin

= User files collection ========================================================
Collecting user files from Vogsphere
Repository URL: auto-exam/2019/c-exam-alone-in-the-dark-beginner/practice-exam_20190117/ititkov2

= Git history ==================================================================
$> git -C /var/folders/h2/j3cby9bx7j14fr24n764254m0000gp/T/tmp5KCV3k/user log --pretty='%H - %an, %ad : %s'
96174655b9d301f917f0cac73eccf92c763b7885 - ititkov, Thu Jan 17 14:43:32 2019 -0800 : repeat_alpha
2f09001a7960450168ec1dca2d1f485177b37b80 - ititkov, Thu Jan 17 14:27:52 2019 -0800 : aff_last_param
 
= Collected files ==========================================
$> ls -lAR /var/folders/h2/j3cby9bx7j14fr24n764254m0000gp/T/tmp5KCV3k/user
total 8
-rw-r--r--  1 deepthought  deepthought  500 Jan 17 14:44 __GIT_HISTORY
drwxr-xr-x  3 deepthought  deepthought  102 Jan 17 14:44 aff_last_param
drwxr-xr-x  3 deepthought  deepthought  102 Jan 17 14:44 repeat_alpha

/var/folders/h2/j3cby9bx7j14fr24n764254m0000gp/T/tmp5KCV3k/user/aff_last_param:
total 8
-rw-r--r--  1 deepthought  deepthought  1112 Jan 17 14:44 aff_last_param.c

/var/folders/h2/j3cby9bx7j14fr24n764254m0000gp/T/tmp5KCV3k/user/repeat_alpha:
total 8
-rw-r--r--  1 deepthought  deepthought  1286 Jan 17 14:44 repeat_alpha.c
 
= repeat_alpha =================================================================
$> gcc -Wextra -Wall -Werror repeat_alpha.c -o user_exe 

= Test 1 ===================================================
$> ./dmtl2d0vb1v4vapfs3k72d4b 
$> diff -U 3 user_output_test1 test1.output | cat -e

Diff OK :D
= Test 2 ===================================================
$> ./fhi39q0vk1272o3yt47bncyj 
$> diff -U 3 user_output_test2 test2.output | cat -e

Diff OK :D
= Test 3 ===================================================
$> ./83zvene1ev615il0ruoa0mx5 "salut" "a" "tous" "tout" "le" "monde"
$> diff -U 3 user_output_test3 test3.output | cat -e

Diff OK :D
= Test 4 ===================================================
$> ./4mtsbavarfllmnjtb4paz9jc "wJLn3"
$> diff -U 3 user_output_test4 test4.output | cat -e

Diff OK :D
= Test 5 ===================================================
$> ./qlopbaoyq6mm9h4udrduc209 "A3ObCPzEF"
$> diff -U 3 user_output_test5 test5.output | cat -e

Diff OK :D
= Test 6 ===================================================
$> ./opjtr39m5ba8z4xmbm1ifm38 "2zbO9rYlNR"
$> diff -U 3 user_output_test6 test6.output | cat -e

Diff OK :D
= Test 7 ===================================================
$> ./49htg01vejycsxye4rkbes4i "a8ztXIGpB4iOYW6TQ vHZ A0aNZDQgo 5qTw GzwhtDcyiRQubexBI Ilyu2Xa6 VhNScjZk3RUG7bD rRM6"
$> diff -U 3 user_output_test7 test7.output | cat -e

Diff OK :D
= Test 8 ===================================================
$> ./972vwuir1h5iw4cjxox1ovxj "RaNo uMocan7FG1Txq4K iu2U865Dq mcbFA ibuV6hfy9p3Rncvw aecArmi xfpciRCH5 3R18UmCDBNYnP0hJ qbdRukIA84lCGg 3zOA0oiTd"
$> diff -U 3 user_output_test8 test8.output | cat -e

Diff OK :D
= Test 9 ===================================================
$> ./8oq7ikaoj7c02rj8c5yygjwk "qlEbsTnh37WvfPCcu SNV 3oJrTad Wyj7 worpH9hWIxUK1j4 HvZ WHgXR"
$> diff -U 3 user_output_test9 test9.output | cat -e

Diff OK :D
= Test 10 ==================================================
$> ./d8memdu5sortt9uastaluox0 "	<yo6sFW7Z6z5P4qLA		440PXLi6GUtZB/cDgRFGJI5YmBbk3OA	4Gnk5rXY28DfTb	3RuJnAb,TEUdKy	+o80a2pezvWQ	?lf3eczdpqaKkwIU ="
$> diff -U 3 user_output_test10 test10.output | cat -e

Diff OK :D
= Test 11 ==================================================
$> ./frw5nth5xnlnrxddm9qnt8x0 ":ZaA  .KmMd15c1Aa5dP(E1HWtws>"
$> diff -U 3 user_output_test11 test11.output | cat -e

Diff OK :D
= Test 12 ==================================================
$> ./pzhtrftk6foerpaw1vc3lwrt "+MIlmgNbfdx7osSC9wcloHnVafU,c6P8SLrXg07vuzJ1,kfdIgU?w74KSE5Uwx6d "
$> diff -U 3 user_output_test12 test12.output | cat -e

Diff OK :D
= Test 13 ==================================================
$> ./77iatgrs3vd66x5bquqgrkjs ">a9G:cNPBo3zVga	 	8lgWrAaNdpVRC?OH3EV5NuxLo761DPJKn2TVxFd8*roW5upUWt1acV03ghoOfBKXAT6SwUkH6h15XpK	*gmz9sEvb@"
$> diff -U 3 user_output_test13 test13.output | cat -e

Diff OK :D
= Test 14 ==================================================
$> ./tfcoxt381em7957vnprzs3d0 "2ETLH4E6jrS5AUCQ0	 ruB2.KnCWx1cLiyS08a*TvyB7+eZ8WS	sB0nYA7DRf9x81E3UdsSgHPDy3SONKstL612rIdbQk-93QwWpRh4"
$> diff -U 3 user_output_test14 test14.output | cat -e

Diff OK :D
= Test 15 ==================================================
$> ./676xou3q208s4iqa8pn28e9i "8PJZd174GDOTszXg 2y7KOcfRDzl("
$> diff -U 3 user_output_test15 test15.output | cat -e

Diff OK :D
= Test 16 ==================================================
$> ./vr7z1rr2g9l1dpi9n8e69vem "	 	.WA4ehGBFI	@stwWNy10sPLv4pTZa7md 	:ZsHQnKqj;fviGZxmS3d2"
$> diff -U 3 user_output_test16 test16.output | cat -e

Diff OK :D
= Test 17 ==================================================
$> ./x33hw4xt89eo5tx1p73u0nep "	hz7mXogaGNV -oI3TXLBYOfH26 Qu2TV4CEsW7qtk9SUYHe;JVhYZXcTworqdym8 5RzxcWVZuTm44QjoDSaieMJ7CRH6  "
$> diff -U 3 user_output_test17 test17.output | cat -e

Diff OK :D
= Test 18 ==================================================
$> ./0rra63cq6f79hoxekblhextb "	*O1pv5		CkoUhNTWn9j9YpC0gsBv65pmBD3G0Tr	 FZnB )76Ez   KgJLPRQME5YrBvI7"
$> diff -U 3 user_output_test18 test18.output | cat -e

Diff OK :D
= Test 19 ==================================================
$> ./a40thyniws8o7y75c7xitskn ":tnT4 	8eNJai/AKeOZi	;"
$> diff -U 3 user_output_test19 test19.output | cat -e

Diff OK :D
= Test 20 ==================================================
$> ./zocnywpc5n4aoan2abq8oztu "/pxK9J/2nHGZbrKvT	 6urpqLnA7NC+XAKu65"
$> diff -U 3 user_output_test20 test20.output | cat -e

Diff OK :D
Grade: 1

= Final grade: 1 ===============================================================
