= Host-specific information ====================================================
$> hostname; uname -msr
e1z3r9p5.42.us.org
Darwin 17.4.0 x86_64
$> date
Thu Jan 17 17:11:40 PST 2019
$> gcc --version
Configured with: --prefix=/Library/Developer/CommandLineTools/usr --with-gxx-include-dir=/usr/include/c++/4.2.1
Apple LLVM version 9.1.0 (clang-902.0.39.1)
Target: x86_64-apple-darwin17.4.0
Thread model: posix
InstalledDir: /Library/Developer/CommandLineTools/usr/bin
$> clang --version
Apple LLVM version 9.1.0 (clang-902.0.39.1)
Target: x86_64-apple-darwin17.4.0
Thread model: posix
InstalledDir: /Library/Developer/CommandLineTools/usr/bin

= User files collection ========================================================
Collecting user files from Vogsphere
Repository URL: auto-exam/2019/c-exam-alone-in-the-dark-beginner/practice-exam_20190117/ititkov2

= Git history ==================================================================
$> git -C /var/folders/g3/jy488ffs43s092vpkdwc1mk80000gp/T/tmppjCnLa/user log --pretty='%H - %an, %ad : %s'
2c1087971a4a043227eddf94f04d9950d7632fd0 - ititkov, Thu Jan 17 17:11:28 2019 -0800 : t_list_foreach
9d312ab5b7a8fee0088099c7a2d386c01725fc7f - ititkov, Thu Jan 17 16:28:06 2019 -0800 : hidenp
4ca36cbffeee59fc78d7a8021aaaf3d515fa6976 - ititkov, Thu Jan 17 14:57:05 2019 -0800 : alpha_mirror
96174655b9d301f917f0cac73eccf92c763b7885 - ititkov, Thu Jan 17 14:43:32 2019 -0800 : repeat_alpha
2f09001a7960450168ec1dca2d1f485177b37b80 - ititkov, Thu Jan 17 14:27:52 2019 -0800 : aff_last_param
 
= Collected files ==========================================
$> ls -lAR /var/folders/g3/jy488ffs43s092vpkdwc1mk80000gp/T/tmppjCnLa/user
total 8
-rw-r--r--  1 deepthought  deepthought  1240 Jan 17 17:11 __GIT_HISTORY
drwxr-xr-x  3 deepthought  deepthought   102 Jan 17 17:11 aff_last_param
drwxr-xr-x  3 deepthought  deepthought   102 Jan 17 17:11 alpha_mirror
drwxr-xr-x  3 deepthought  deepthought   102 Jan 17 17:11 ft_list_foreach
drwxr-xr-x  3 deepthought  deepthought   102 Jan 17 17:11 hidenp
drwxr-xr-x  3 deepthought  deepthought   102 Jan 17 17:11 repeat_alpha

/var/folders/g3/jy488ffs43s092vpkdwc1mk80000gp/T/tmppjCnLa/user/aff_last_param:
total 8
-rw-r--r--  1 deepthought  deepthought  1112 Jan 17 17:11 aff_last_param.c

/var/folders/g3/jy488ffs43s092vpkdwc1mk80000gp/T/tmppjCnLa/user/alpha_mirror:
total 8
-rw-r--r--  1 deepthought  deepthought  1264 Jan 17 17:11 alpha_mirror.c

/var/folders/g3/jy488ffs43s092vpkdwc1mk80000gp/T/tmppjCnLa/user/ft_list_foreach:
total 8
-rw-r--r--  1 deepthought  deepthought  993 Jan 17 17:11 ft_list_foreach.c

/var/folders/g3/jy488ffs43s092vpkdwc1mk80000gp/T/tmppjCnLa/user/hidenp:
total 8
-rw-r--r--  1 deepthought  deepthought  1498 Jan 17 17:11 hidenp.c

/var/folders/g3/jy488ffs43s092vpkdwc1mk80000gp/T/tmppjCnLa/user/repeat_alpha:
total 8
-rw-r--r--  1 deepthought  deepthought  1286 Jan 17 17:11 repeat_alpha.c
 
= ft_list_foreach ==============================================================
$> gcc -Wextra -Wall -Werror ft_list_foreach.c main.c -o user_exe 
ft_list_foreach.c:13:25: error: unknown type name 't_list'
void    ft_list_foreach(t_list *begin_list, void (*f)(void *))
                        ^
1 error generated.
main.c:1:10: fatal error: 'ft_list.h' file not found
#include "ft_list.h"
         ^~~~~~~~~~~
1 error generated.

Could not compile 'user_exe'
Grade: 0

= Final grade: 0 ===============================================================
